<?xml version="1.0" encoding="UTF-8"?>
<!-- Generated by org.testng.reporters.JUnitReportReporter -->
<testsuite skipped="0" hostname="NIRANJAN" name="com.testng.TestAnnotations" tests="2" failures="0" timestamp="08 Aug 2019 05:15:49 GMT" time="0.048" errors="0">
  <testcase name="Homepage" time="0.040" classname="com.testng.TestAnnotations"/>
  <testcase name="Loginpage" time="0.008" classname="com.testng.TestAnnotations"/>
</testsuite> <!-- com.testng.TestAnnotations -->
