<?xml version="1.0" encoding="UTF-8"?>
<!-- Generated by org.testng.reporters.JUnitReportReporter -->
<testsuite skipped="0" hostname="NIRANJAN" name="com.testng.TestAnnotations" tests="2" failures="0" timestamp="15 Jul 2019 10:52:27 GMT" time="0.058" errors="0">
  <testcase name="Homepage" time="0.034" classname="com.testng.TestAnnotations"/>
  <testcase name="Loginpage" time="0.024" classname="com.testng.TestAnnotations"/>
</testsuite> <!-- com.testng.TestAnnotations -->
