<?xml version="1.0" encoding="UTF-8"?>
<!-- Generated by org.testng.reporters.JUnitReportReporter -->
<testsuite skipped="0" hostname="NIRANJAN" name="com.testng.Priority" tests="3" failures="0" timestamp="15 Jul 2019 10:59:08 GMT" time="29.691" errors="0">
  <testcase name="LinkText" time="9.367" classname="com.testng.Priority"/>
  <testcase name="getUrl" time="8.590" classname="com.testng.Priority"/>
  <testcase name="getTitle" time="11.734" classname="com.testng.Priority"/>
</testsuite> <!-- com.testng.Priority -->
